#
# There is insufficient memory for the Java Runtime Environment to continue.
# Native memory allocation (malloc) failed to allocate 1048576 bytes for AllocateHeap
# Possible reasons:
#   The system is out of physical RAM or swap space
#   In 32 bit mode, the process size limit was hit
# Possible solutions:
#   Reduce memory load on the system
#   Increase physical memory or swap space
#   Check if swap backing store is full
#   Use 64 bit Java on a 64 bit OS
#   Decrease Java heap size (-Xmx/-Xms)
#   Decrease number of Java threads
#   Decrease Java thread stack sizes (-Xss)
#   Set larger code cache with -XX:ReservedCodeCacheSize=
# This output file may be truncated or incomplete.
#
#  Out of Memory Error (memory/allocation.inline.hpp:61), pid=4604, tid=8420
#
# JRE version:  (8.0_51-b16) (build )
# Java VM: Java HotSpot(TM) 64-Bit Server VM (25.51-b03 mixed mode windows-amd64 compressed oops)
# Failed to write core dump. Minidumps are not enabled by default on client versions of Windows
#

---------------  T H R E A D  ---------------

Current thread (0x00000000023bd800):  JavaThread "Unknown thread" [_thread_in_vm, id=8420, stack(0x0000000001fc0000,0x00000000020c0000)]

Stack: [0x0000000001fc0000,0x00000000020c0000]
Native frames: (J=compiled Java code, j=interpreted, Vv=VM code, C=native code)
V  [jvm.dll+0x32b4ca]
V  [jvm.dll+0x2797e3]
V  [jvm.dll+0x27a479]
V  [jvm.dll+0x271765]
V  [jvm.dll+0x1606]
V  [jvm.dll+0x3c0822]
V  [jvm.dll+0x3eead2]
V  [jvm.dll+0x3eefdc]
V  [jvm.dll+0x3ea537]
V  [jvm.dll+0xf2c22]
V  [jvm.dll+0x20f0a9]
V  [jvm.dll+0x240d2a]
V  [jvm.dll+0x15b9a1]
C  [java.exe+0x216e]
C  [java.exe+0xcd07]
C  [java.exe+0xcd9b]
C  [KERNEL32.DLL+0x13d2]
C  [ntdll.dll+0x154e4]


---------------  P R O C E S S  ---------------

Java Threads: ( => current thread )

Other Threads:

=>0x00000000023bd800 (exited) JavaThread "Unknown thread" [_thread_in_vm, id=8420, stack(0x0000000001fc0000,0x00000000020c0000)]

VM state:not at safepoint (normal execution)

VM Mutex/Monitor currently owned by a thread: None

Heap:
 PSYoungGen      total 38400K, used 665K [0x00000000d5d80000, 0x00000000d8800000, 0x0000000100000000)
  eden space 33280K, 2% used [0x00000000d5d80000,0x00000000d5e26670,0x00000000d7e00000)
  from space 5120K, 0% used [0x00000000d8300000,0x00000000d8300000,0x00000000d8800000)
  to   space 5120K, 0% used [0x00000000d7e00000,0x00000000d7e00000,0x00000000d8300000)
 ParOldGen       total 87552K, used 0K [0x0000000081800000, 0x0000000086d80000, 0x00000000d5d80000)
  object space 87552K, 0% used [0x0000000081800000,0x0000000081800000,0x0000000086d80000)
 Metaspace       used 766K, capacity 4480K, committed 4480K, reserved 1056768K
  class space    used 75K, capacity 384K, committed 384K, reserved 1048576K

Card table byte_map: [0x0000000011780000,0x0000000011b80000] byte_map_base: 0x0000000011374000

Marking Bits: (ParMarkBitMap*) 0x0000000056ff4040
 Begin Bits: [0x0000000012230000, 0x00000000141d0000)
 End Bits:   [0x00000000141d0000, 0x0000000016170000)

Polling page: 0x0000000000830000

CodeCache: size=245760Kb used=328Kb max_used=328Kb free=245431Kb
 bounds [0x00000000023c0000, 0x0000000002630000, 0x00000000113c0000]
 total_blobs=57 nmethods=0 adapters=37
 compilation: enabled

Compilation events (0 events):
No events

GC Heap History (0 events):
No events

Deoptimization events (0 events):
No events

Internal exceptions (0 events):
No events

Events (10 events):
Event: 0.162 loading class java/lang/Short
Event: 0.163 loading class java/lang/Short done
Event: 0.163 loading class java/lang/Integer
Event: 0.163 loading class java/lang/Integer done
Event: 0.163 loading class java/lang/Long
Event: 0.164 loading class java/lang/Long done
Event: 0.166 loading class java/lang/NullPointerException
Event: 0.166 loading class java/lang/NullPointerException done
Event: 0.166 loading class java/lang/ArithmeticException
Event: 0.166 loading class java/lang/ArithmeticException done


Dynamic libraries:
0x00007ff64ce70000 - 0x00007ff64cea7000 	C:\Program Files\Java\jdk1.8.0_51\bin\java.exe
0x00007ffe48c80000 - 0x00007ffe48e2d000 	C:\Windows\SYSTEM32\ntdll.dll
0x00007ffe46620000 - 0x00007ffe4675e000 	C:\Windows\system32\KERNEL32.DLL
0x00007ffe45f50000 - 0x00007ffe46065000 	C:\Windows\system32\KERNELBASE.dll
0x00007ffe44970000 - 0x00007ffe449fe000 	C:\Windows\system32\apphelp.dll
0x00007ffe35030000 - 0x00007ffe35083000 	C:\Windows\AppPatch\AppPatch64\AcGenral.DLL
0x00007ffe47370000 - 0x00007ffe4741a000 	C:\Windows\system32\msvcrt.dll
0x00007ffe45c00000 - 0x00007ffe45c2e000 	C:\Windows\SYSTEM32\SspiCli.dll
0x00007ffe46d40000 - 0x00007ffe46d94000 	C:\Windows\system32\SHLWAPI.dll
0x00007ffe464a0000 - 0x00007ffe46617000 	C:\Windows\system32\USER32.dll
0x00007ffe46300000 - 0x00007ffe46494000 	C:\Windows\system32\ole32.dll
0x00007ffe47480000 - 0x00007ffe489aa000 	C:\Windows\system32\SHELL32.dll
0x00007ffe45390000 - 0x00007ffe453b1000 	C:\Windows\SYSTEM32\USERENV.dll
0x00007ffe48bd0000 - 0x00007ffe48c7a000 	C:\Windows\system32\ADVAPI32.dll
0x00007ffe3c5c0000 - 0x00007ffe3c5de000 	C:\Windows\SYSTEM32\MPR.dll
0x00007ffe46ed0000 - 0x00007ffe47011000 	C:\Windows\system32\RPCRT4.dll
0x00007ffe46820000 - 0x00007ffe46879000 	C:\Windows\SYSTEM32\sechost.dll
0x00007ffe46ab0000 - 0x00007ffe46cc1000 	C:\Windows\SYSTEM32\combase.dll
0x00007ffe48a80000 - 0x00007ffe48bd0000 	C:\Windows\system32\GDI32.dll
0x00007ffe45dd0000 - 0x00007ffe45de5000 	C:\Windows\SYSTEM32\profapi.dll
0x00007ffe44380000 - 0x00007ffe44432000 	C:\Windows\SYSTEM32\SHCORE.dll
0x00007ffe46a70000 - 0x00007ffe46aa6000 	C:\Windows\system32\IMM32.DLL
0x00007ffe47030000 - 0x00007ffe47182000 	C:\Windows\system32\MSCTF.dll
0x00007ffe43ef0000 - 0x00007ffe4416b000 	C:\Windows\WinSxS\amd64_microsoft.windows.common-controls_6595b64144ccf1df_6.0.9600.18006_none_623f33d3ecbe86e8\COMCTL32.dll
0x0000000057080000 - 0x0000000057152000 	C:\Program Files\Java\jdk1.8.0_51\jre\bin\msvcr100.dll
0x00000000567f0000 - 0x0000000057073000 	C:\Program Files\Java\jdk1.8.0_51\jre\bin\server\jvm.dll
0x00007ffe2c9b0000 - 0x00007ffe2c9b9000 	C:\Windows\SYSTEM32\WSOCK32.dll
0x00007ffe42e60000 - 0x00007ffe42e82000 	C:\Windows\SYSTEM32\WINMM.dll
0x00007ffe42e90000 - 0x00007ffe42e9a000 	C:\Windows\SYSTEM32\VERSION.dll
0x00007ffe46a50000 - 0x00007ffe46a57000 	C:\Windows\system32\PSAPI.DLL
0x00007ffe47420000 - 0x00007ffe4747a000 	C:\Windows\system32\WS2_32.dll
0x00007ffe42e20000 - 0x00007ffe42e4a000 	C:\Windows\SYSTEM32\WINMMBASE.dll
0x00007ffe46a60000 - 0x00007ffe46a69000 	C:\Windows\system32\NSI.dll
0x00007ffe462b0000 - 0x00007ffe462ff000 	C:\Windows\SYSTEM32\cfgmgr32.dll
0x00007ffe44bc0000 - 0x00007ffe44be8000 	C:\Windows\SYSTEM32\DEVOBJ.dll
0x00000000567e0000 - 0x00000000567ef000 	C:\Program Files\Java\jdk1.8.0_51\jre\bin\verify.dll
0x00000000567b0000 - 0x00000000567d9000 	C:\Program Files\Java\jdk1.8.0_51\jre\bin\java.dll
0x0000000056790000 - 0x00000000567a6000 	C:\Program Files\Java\jdk1.8.0_51\jre\bin\zip.dll
0x00007ffe3c9b0000 - 0x00007ffe3cb39000 	C:\Windows\SYSTEM32\dbghelp.dll

VM Arguments:
jvm_args: -Dfile.encoding=UTF-8 
java_command: GUI.Inscription
java_class_path (initial): C:\Users\Dridi\Documents\AllForDeal\hamcrest-core-1.3.jar;C:\Users\Dridi\Documents\AllForDeal\jcommon-1.0.23.jar;C:\Users\Dridi\Documents\AllForDeal\jfreechart-1.0.19.jar;C:\Users\Dridi\Documents\AllForDeal\orsonpdf-1.6-eval.jar;C:\Users\Dridi\Documents\AllForDeal\swtgraphics2d.jar;C:\Users\Dridi\Downloads\rs2xml.jar;C:\Users\Dridi\Desktop\java\carditem\carditem.jar;C:\Users\Dridi\Desktop\java\carditem\forms-1.0.5.jar;C:\Users\Dridi\Desktop\java\carditem\forms.jar;C:\Program Files\NetBeans 8.0\java\modules\ext\AbsoluteLayout.jar;C:\Users\Dridi\Desktop\Dossier Hacheni\javaProject\java-apijars\commons-beanutils-1.7.jar;C:\Users\Dridi\Desktop\Dossier Hacheni\javaProject\java-apijars\commons-collections-2.1.jar;C:\Users\Dridi\Desktop\Dossier Hacheni\javaProject\java-apijars\commons-digester-1.7.jar;C:\Users\Dridi\Desktop\Dossier Hacheni\javaProject\java-apijars\commons-logging-1.0.2.jar;C:\Users\Dridi\Desktop\Dossier Hacheni\javaProject\java-apijars\iReport.jar;C:\Users\Dridi\Desktop\Dossier Hacheni\javaProject\java-apijars\itext-1.3.1.jar;C:\Users\Dridi\Desktop\Dossier Hacheni\javaProject\java-apijars\jasperreports-2.0.1.jar;C:\Users\Dridi\Desktop\Dossier Hacheni\javaProject\java-apijars\jcalendar.jar;C:\Users\Dridi\Desktop\Dossier Hacheni\javaProject\java-apijars\mail.jar;C:\Users\Dridi\Desktop\Dossier Hacheni\javaProject\java-apijars\mysql-connector-java-5.1.21-bin.jar;C:\Users\Dridi\Desktop\java\carditem\security.jar;C:\Program Files\NetBeans 8.0\ide\modules\ext\mysql-connector-java-5.1.23-bin.jar;C:\Users\Dridi\Documents\AllForDeal\build\classes
Launcher Type: SUN_STANDARD

Environment Variables:
PATH=C:\oraclexe\app\oracle\product\11.2.0\server\bin;;C:\oraclexe\app\oracle\product\10.2.0\server\bin;C:\ProgramData\Oracle\Java\javapath;C:\Program Files\Broadcom\Broadcom 802.11 Network Adapter;;C:\Windows\system32;C:\Windows;C:\Windows\System32\Wbem;C:\Windows\System32\WindowsPowerShell\v1.0\;C:\Program Files\WIDCOMM\Bluetooth Software\;C:\Program Files\WIDCOMM\Bluetooth Software\syswow64;C:\Program Files (x86)\Windows Kits\8.1\Windows Performance Toolkit\;C:\Program Files\Microsoft SQL Server\110\Tools\Binn\;C:\Program Files (x86)\Microsoft SDKs\TypeScript\1.0\;C:\Program Files (x86)\Skype\Phone\;C:\wamp\bin\php\php5.4.16;C:\Program Files\wkhtmltopdf\bin
USERNAME=Dridi
OS=Windows_NT
PROCESSOR_IDENTIFIER=Intel64 Family 6 Model 61 Stepping 4, GenuineIntel



---------------  S Y S T E M  ---------------

OS: Windows 8.1 , 64 bit Build 9600 (6.3.9600.17415)

CPU:total 4 (2 cores per cpu, 2 threads per core) family 6 model 61 stepping 4, cmov, cx8, fxsr, mmx, sse, sse2, sse3, ssse3, sse4.1, sse4.2, popcnt, avx, avx2, aes, clmul, erms, 3dnowpref, lzcnt, ht, tsc, tscinvbit, bmi1, bmi2, adx

Memory: 4k page, physical 8286004k(2232308k free), swap 8286004k(5584k free)

vm_info: Java HotSpot(TM) 64-Bit Server VM (25.51-b03) for windows-amd64 JRE (1.8.0_51-b16), built on Jun  8 2015 18:03:07 by "java_re" with MS VC++ 10.0 (VS2010)

time: Sun Mar 13 02:29:18 2016
elapsed time: 0 seconds (0d 0h 0m 0s)

