#
# There is insufficient memory for the Java Runtime Environment to continue.
# Native memory allocation (malloc) failed to allocate 32744 bytes for ChunkPool::allocate
# Possible reasons:
#   The system is out of physical RAM or swap space
#   In 32 bit mode, the process size limit was hit
# Possible solutions:
#   Reduce memory load on the system
#   Increase physical memory or swap space
#   Check if swap backing store is full
#   Use 64 bit Java on a 64 bit OS
#   Decrease Java heap size (-Xmx/-Xms)
#   Decrease number of Java threads
#   Decrease Java thread stack sizes (-Xss)
#   Set larger code cache with -XX:ReservedCodeCacheSize=
# This output file may be truncated or incomplete.
#
#  Out of Memory Error (allocation.cpp:273), pid=6156, tid=7760
#
# JRE version: Java(TM) SE Runtime Environment (8.0_51-b16) (build 1.8.0_51-b16)
# Java VM: Java HotSpot(TM) 64-Bit Server VM (25.51-b03 mixed mode windows-amd64 compressed oops)
# Failed to write core dump. Minidumps are not enabled by default on client versions of Windows
#

---------------  T H R E A D  ---------------

Current thread (0x0000000016d80000):  JavaThread "C1 CompilerThread2" daemon [_thread_in_native, id=7760, stack(0x00000000184e0000,0x00000000185e0000)]

Stack: [0x00000000184e0000,0x00000000185e0000]
Native frames: (J=compiled Java code, j=interpreted, Vv=VM code, C=native code)
V  [jvm.dll+0x32b4ca]
V  [jvm.dll+0x2797e3]
V  [jvm.dll+0x27a479]
V  [jvm.dll+0x271765]
V  [jvm.dll+0xcb824]
V  [jvm.dll+0xcba47]
V  [jvm.dll+0xcbecc]
V  [jvm.dll+0x41f2fd]
V  [jvm.dll+0x4242d1]
V  [jvm.dll+0x425c96]
V  [jvm.dll+0x4273a8]
V  [jvm.dll+0x405eb0]
V  [jvm.dll+0x406280]
V  [jvm.dll+0x4063b2]
V  [jvm.dll+0x406581]
V  [jvm.dll+0x40678f]
V  [jvm.dll+0xa43a2]
V  [jvm.dll+0xa4cdf]
V  [jvm.dll+0x2418a4]
V  [jvm.dll+0x29846a]
C  [msvcr100.dll+0x21d9f]
C  [msvcr100.dll+0x21e3b]
C  [KERNEL32.DLL+0x13d2]
C  [ntdll.dll+0x154e4]


Current CompileTask:
C1:34876171  600       3       java.security.AccessControlContext::optimize (318 bytes)


---------------  P R O C E S S  ---------------

Java Threads: ( => current thread )
  0x0000000002130800 JavaThread "DestroyJavaVM" [_thread_blocked, id=7464, stack(0x0000000001f90000,0x0000000002090000)]
  0x0000000018d66800 JavaThread "AWT-EventQueue-0" [_thread_blocked, id=2708, stack(0x0000000019d40000,0x0000000019e40000)]
  0x0000000018869800 JavaThread "AWT-Windows" daemon [_thread_in_native, id=2664, stack(0x00000000196f0000,0x00000000197f0000)]
  0x0000000018867000 JavaThread "AWT-Shutdown" [_thread_blocked, id=5972, stack(0x00000000195f0000,0x00000000196f0000)]
  0x00000000188a8800 JavaThread "Java2D Disposer" daemon [_thread_blocked, id=5440, stack(0x00000000194f0000,0x00000000195f0000)]
  0x0000000018610800 JavaThread "Service Thread" daemon [_thread_blocked, id=8080, stack(0x00000000189e0000,0x0000000018ae0000)]
=>0x0000000016d80000 JavaThread "C1 CompilerThread2" daemon [_thread_in_native, id=7760, stack(0x00000000184e0000,0x00000000185e0000)]
  0x0000000016d7b800 JavaThread "C2 CompilerThread1" daemon [_thread_blocked, id=5188, stack(0x00000000183e0000,0x00000000184e0000)]
  0x0000000016d89000 JavaThread "C2 CompilerThread0" daemon [_thread_blocked, id=7032, stack(0x00000000182e0000,0x00000000183e0000)]
  0x0000000016d87800 JavaThread "Attach Listener" daemon [_thread_blocked, id=4604, stack(0x00000000181e0000,0x00000000182e0000)]
  0x0000000016d86800 JavaThread "Signal Dispatcher" daemon [_thread_blocked, id=1176, stack(0x00000000180e0000,0x00000000181e0000)]
  0x0000000002227800 JavaThread "Finalizer" daemon [_thread_blocked, id=7896, stack(0x0000000017fe0000,0x00000000180e0000)]
  0x000000000221d000 JavaThread "Reference Handler" daemon [_thread_blocked, id=5576, stack(0x0000000017ee0000,0x0000000017fe0000)]

Other Threads:
  0x0000000016d47800 VMThread [stack: 0x0000000017de0000,0x0000000017ee0000] [id=5672]
  0x0000000016ddd000 WatcherThread [stack: 0x0000000018ae0000,0x0000000018be0000] [id=5148]

VM state:not at safepoint (normal execution)

VM Mutex/Monitor currently owned by a thread: None

Heap:
 PSYoungGen      total 38400K, used 8655K [0x00000000d5d80000, 0x00000000d8800000, 0x0000000100000000)
  eden space 33280K, 26% used [0x00000000d5d80000,0x00000000d65f3dc0,0x00000000d7e00000)
  from space 5120K, 0% used [0x00000000d8300000,0x00000000d8300000,0x00000000d8800000)
  to   space 5120K, 0% used [0x00000000d7e00000,0x00000000d7e00000,0x00000000d8300000)
 ParOldGen       total 87552K, used 0K [0x0000000081800000, 0x0000000086d80000, 0x00000000d5d80000)
  object space 87552K, 0% used [0x0000000081800000,0x0000000081800000,0x0000000086d80000)
 Metaspace       used 11855K, capacity 12002K, committed 12288K, reserved 1060864K
  class space    used 1599K, capacity 1683K, committed 1792K, reserved 1048576K

Card table byte_map: [0x00000000115f0000,0x00000000119f0000] byte_map_base: 0x00000000111e4000

Marking Bits: (ParMarkBitMap*) 0x000000005ef54040
 Begin Bits: [0x00000000120a0000, 0x0000000014040000)
 End Bits:   [0x0000000014040000, 0x0000000015fe0000)

Polling page: 0x0000000002090000

CodeCache: size=245760Kb used=2428Kb max_used=2428Kb free=243331Kb
 bounds [0x0000000002230000, 0x00000000024a0000, 0x0000000011230000]
 total_blobs=1074 nmethods=598 adapters=389
 compilation: enabled

Compilation events (10 events):
Event: 34870.457 Thread 0x0000000016d80000 nmethod 595 0x000000000248ed50 code [0x000000000248eea0, 0x000000000248efb0]
Event: 34870.457 Thread 0x0000000016d80000  597       3       sun.java2d.SunGraphics2D::invalidatePipe (41 bytes)
Event: 34870.458 Thread 0x0000000016d80000 nmethod 597 0x000000000248f010 code [0x000000000248f160, 0x000000000248f330]
Event: 34870.458 Thread 0x0000000016d80000  598       1       javax.swing.JComponent::getBorder (5 bytes)
Event: 34870.458 Thread 0x0000000016d80000 nmethod 598 0x000000000248f390 code [0x000000000248f4e0, 0x000000000248f5f0]
Event: 34870.458 Thread 0x0000000016d80000  599       3       javax.swing.JComponent::getHeight (5 bytes)
Event: 34870.458 Thread 0x0000000016d80000 nmethod 599 0x000000000248f650 code [0x000000000248f7a0, 0x000000000248f910]
Event: 34870.458 Thread 0x0000000016d80000  596       1       java.awt.image.Raster::getHeight (5 bytes)
Event: 34870.459 Thread 0x0000000016d80000 nmethod 596 0x000000000248f990 code [0x000000000248fae0, 0x000000000248fbf0]
Event: 34870.459 Thread 0x0000000016d80000  600       3       java.security.AccessControlContext::optimize (318 bytes)

GC Heap History (0 events):
No events

Deoptimization events (5 events):
Event: 1.590 Thread 0x0000000018d66800 Uncommon trap: reason=class_check action=maybe_recompile pc=0x00000000023b139c method=java.lang.String.equals(Ljava/lang/Object;)Z @ 8
Event: 1.592 Thread 0x0000000018d66800 Uncommon trap: reason=class_check action=maybe_recompile pc=0x00000000023b139c method=java.lang.String.equals(Ljava/lang/Object;)Z @ 8
Event: 1.594 Thread 0x0000000018d66800 Uncommon trap: reason=class_check action=maybe_recompile pc=0x00000000023b139c method=java.lang.String.equals(Ljava/lang/Object;)Z @ 8
Event: 1.594 Thread 0x0000000018d66800 Uncommon trap: reason=class_check action=maybe_recompile pc=0x00000000023b139c method=java.lang.String.equals(Ljava/lang/Object;)Z @ 8
Event: 1.710 Thread 0x0000000018d66800 Uncommon trap: reason=unstable_if action=reinterpret pc=0x000000000247d604 method=java.awt.MultipleGradientPaintContext.indexIntoGradientsArrays(F)I @ 93

Internal exceptions (10 events):
Event: 0.934 Thread 0x0000000002130800 Exception <a 'java/lang/ClassNotFoundException': ToggleButton> (0x00000000d62684d0) thrown at [C:\re\workspace\8-2-build-windows-amd64-cygwin\jdk8u51\3951\hotspot\src\share\vm\classfile\systemDictionary.cpp, line 210]
Event: 0.934 Thread 0x0000000002130800 Exception <a 'java/lang/ClassNotFoundException': javax/swing/JToolBarSeparator> (0x00000000d62688d8) thrown at [C:\re\workspace\8-2-build-windows-amd64-cygwin\jdk8u51\3951\hotspot\src\share\vm\classfile\systemDictionary.cpp, line 210]
Event: 0.934 Thread 0x0000000002130800 Exception <a 'java/lang/ClassNotFoundException': ToolBarSeparator> (0x00000000d6268d18) thrown at [C:\re\workspace\8-2-build-windows-amd64-cygwin\jdk8u51\3951\hotspot\src\share\vm\classfile\systemDictionary.cpp, line 210]
Event: 0.935 Thread 0x0000000002130800 Exception <a 'java/lang/ClassNotFoundException': ToolTip> (0x00000000d6269400) thrown at [C:\re\workspace\8-2-build-windows-amd64-cygwin\jdk8u51\3951\hotspot\src\share\vm\classfile\systemDictionary.cpp, line 210]
Event: 0.939 Thread 0x0000000002130800 Exception <a 'java/lang/ClassNotFoundException': Tree> (0x00000000d6269fc8) thrown at [C:\re\workspace\8-2-build-windows-amd64-cygwin\jdk8u51\3951\hotspot\src\share\vm\classfile\systemDictionary.cpp, line 210]
Event: 0.939 Thread 0x0000000002130800 Exception <a 'java/lang/ClassNotFoundException': Tree> (0x00000000d626a6b0) thrown at [C:\re\workspace\8-2-build-windows-amd64-cygwin\jdk8u51\3951\hotspot\src\share\vm\classfile\systemDictionary.cpp, line 210]
Event: 0.940 Thread 0x0000000002130800 Exception <a 'java/lang/ClassNotFoundException': javax/swing/JTreeCell> (0x00000000d626a9d8) thrown at [C:\re\workspace\8-2-build-windows-amd64-cygwin\jdk8u51\3951\hotspot\src\share\vm\classfile\systemDictionary.cpp, line 210]
Event: 0.940 Thread 0x0000000002130800 Exception <a 'java/lang/ClassNotFoundException': TreeCell> (0x00000000d626ae08) thrown at [C:\re\workspace\8-2-build-windows-amd64-cygwin\jdk8u51\3951\hotspot\src\share\vm\classfile\systemDictionary.cpp, line 210]
Event: 0.941 Thread 0x0000000002130800 Exception <a 'java/lang/ClassNotFoundException': RootPane> (0x00000000d626b810) thrown at [C:\re\workspace\8-2-build-windows-amd64-cygwin\jdk8u51\3951\hotspot\src\share\vm\classfile\systemDictionary.cpp, line 210]
Event: 1.439 Thread 0x0000000018d66800 Exception <a 'java/lang/NullPointerException'> (0x00000000d6502f58) thrown at [C:\re\workspace\8-2-build-windows-amd64-cygwin\jdk8u51\3951\hotspot\src\share\vm\interpreter\linkResolver.cpp, line 1280]

Events (10 events):
Event: 2.231 loading class javax/swing/Popup$HeavyWeightWindow
Event: 2.231 loading class sun/awt/ModalExclude
Event: 2.231 loading class sun/awt/ModalExclude done
Event: 2.231 loading class javax/swing/JWindow
Event: 2.231 loading class javax/swing/JWindow done
Event: 2.231 loading class javax/swing/Popup$HeavyWeightWindow done
Event: 2.232 loading class java/awt/AWTEvent$2
Event: 2.232 loading class java/awt/AWTEvent$2 done
Event: 4.280 Executing VM operation: EnableBiasedLocking
Event: 4.280 Executing VM operation: EnableBiasedLocking done


Dynamic libraries:
0x00007ff653860000 - 0x00007ff653897000 	C:\Program Files\Java\jdk1.8.0_51\bin\java.exe
0x00007ff9e7110000 - 0x00007ff9e72bd000 	C:\Windows\SYSTEM32\ntdll.dll
0x00007ff9e48e0000 - 0x00007ff9e4a1e000 	C:\Windows\system32\KERNEL32.DLL
0x00007ff9e4670000 - 0x00007ff9e4785000 	C:\Windows\system32\KERNELBASE.dll
0x00007ff9e2e00000 - 0x00007ff9e2e8e000 	C:\Windows\system32\apphelp.dll
0x00007ff9c9370000 - 0x00007ff9c93c3000 	C:\Windows\AppPatch\AppPatch64\AcGenral.DLL
0x00007ff9e6a10000 - 0x00007ff9e6aba000 	C:\Windows\system32\msvcrt.dll
0x00007ff9e4090000 - 0x00007ff9e40be000 	C:\Windows\SYSTEM32\SspiCli.dll
0x00007ff9e6b70000 - 0x00007ff9e6bc4000 	C:\Windows\system32\SHLWAPI.dll
0x00007ff9e5360000 - 0x00007ff9e54d7000 	C:\Windows\system32\USER32.dll
0x00007ff9e6c40000 - 0x00007ff9e6dd4000 	C:\Windows\system32\ole32.dll
0x00007ff9e54e0000 - 0x00007ff9e6a0a000 	C:\Windows\system32\SHELL32.dll
0x00007ff9e37e0000 - 0x00007ff9e3801000 	C:\Windows\SYSTEM32\USERENV.dll
0x00007ff9e6ac0000 - 0x00007ff9e6b6a000 	C:\Windows\system32\ADVAPI32.dll
0x00007ff9db3f0000 - 0x00007ff9db40e000 	C:\Windows\SYSTEM32\MPR.dll
0x00007ff9e4a20000 - 0x00007ff9e4b61000 	C:\Windows\system32\RPCRT4.dll
0x00007ff9e6f10000 - 0x00007ff9e6f69000 	C:\Windows\SYSTEM32\sechost.dll
0x00007ff9e4ce0000 - 0x00007ff9e4ef1000 	C:\Windows\SYSTEM32\combase.dll
0x00007ff9e4790000 - 0x00007ff9e48e0000 	C:\Windows\system32\GDI32.dll
0x00007ff9e4260000 - 0x00007ff9e4275000 	C:\Windows\SYSTEM32\profapi.dll
0x00007ff9e2ac0000 - 0x00007ff9e2b72000 	C:\Windows\SYSTEM32\SHCORE.dll
0x00007ff9e6ed0000 - 0x00007ff9e6f06000 	C:\Windows\system32\IMM32.DLL
0x00007ff9e4b80000 - 0x00007ff9e4cd2000 	C:\Windows\system32\MSCTF.dll
0x00007ff9e20c0000 - 0x00007ff9e233b000 	C:\Windows\WinSxS\amd64_microsoft.windows.common-controls_6595b64144ccf1df_6.0.9600.18006_none_623f33d3ecbe86e8\COMCTL32.dll
0x000000005efe0000 - 0x000000005f0b2000 	C:\Program Files\Java\jdk1.8.0_51\jre\bin\msvcr100.dll
0x000000005e750000 - 0x000000005efd3000 	C:\Program Files\Java\jdk1.8.0_51\jre\bin\server\jvm.dll
0x00007ff9ca820000 - 0x00007ff9ca829000 	C:\Windows\SYSTEM32\WSOCK32.dll
0x00007ff9e2490000 - 0x00007ff9e24b2000 	C:\Windows\SYSTEM32\WINMM.dll
0x00007ff9e23a0000 - 0x00007ff9e23aa000 	C:\Windows\SYSTEM32\VERSION.dll
0x00007ff9e7100000 - 0x00007ff9e7107000 	C:\Windows\system32\PSAPI.DLL
0x00007ff9e6be0000 - 0x00007ff9e6c3a000 	C:\Windows\system32\WS2_32.dll
0x00007ff9e23d0000 - 0x00007ff9e23fa000 	C:\Windows\SYSTEM32\WINMMBASE.dll
0x00007ff9e6f70000 - 0x00007ff9e6f79000 	C:\Windows\system32\NSI.dll
0x00007ff9e4330000 - 0x00007ff9e437f000 	C:\Windows\SYSTEM32\cfgmgr32.dll
0x00007ff9e3050000 - 0x00007ff9e3078000 	C:\Windows\SYSTEM32\DEVOBJ.dll
0x000000005e740000 - 0x000000005e74f000 	C:\Program Files\Java\jdk1.8.0_51\jre\bin\verify.dll
0x000000005e710000 - 0x000000005e739000 	C:\Program Files\Java\jdk1.8.0_51\jre\bin\java.dll
0x000000005e6f0000 - 0x000000005e706000 	C:\Program Files\Java\jdk1.8.0_51\jre\bin\zip.dll
0x000000005e530000 - 0x000000005e6c8000 	C:\Program Files\Java\jdk1.8.0_51\jre\bin\awt.dll
0x00007ff9e6e00000 - 0x00007ff9e6ec1000 	C:\Windows\system32\OLEAUT32.dll
0x00007ff9e2ed0000 - 0x00007ff9e2ff9000 	C:\Windows\system32\uxtheme.dll
0x00007ff9e2340000 - 0x00007ff9e2361000 	C:\Windows\system32\dwmapi.dll
0x00007ff9e30a0000 - 0x00007ff9e30ab000 	C:\Windows\SYSTEM32\kernel.appcore.dll
0x00007ff9e4130000 - 0x00007ff9e413b000 	C:\Windows\SYSTEM32\CRYPTBASE.dll
0x00007ff9e40c0000 - 0x00007ff9e4123000 	C:\Windows\SYSTEM32\bcryptPrimitives.dll
0x000000005e4e0000 - 0x000000005e527000 	C:\Program Files\Java\jdk1.8.0_51\jre\bin\fontmanager.dll
0x00007ff9d7fe0000 - 0x00007ff9d8020000 	C:\Program Files\WIDCOMM\Bluetooth Software\btmmhook.dll
0x000000005e6d0000 - 0x000000005e6ea000 	C:\Program Files\Java\jdk1.8.0_51\jre\bin\net.dll
0x00007ff9e3ab0000 - 0x00007ff9e3b09000 	C:\Windows\system32\mswsock.dll
0x000000005e4c0000 - 0x000000005e4d1000 	C:\Program Files\Java\jdk1.8.0_51\jre\bin\nio.dll
0x000000005e470000 - 0x000000005e4b2000 	C:\Program Files\Java\jdk1.8.0_51\jre\bin\t2k.dll
0x000000005e0b0000 - 0x000000005e0da000 	C:\Program Files\Java\jdk1.8.0_51\jre\bin\dcpr.dll
0x00007ff9da550000 - 0x00007ff9da6d9000 	C:\Windows\SYSTEM32\dbghelp.dll

VM Arguments:
jvm_args: -Dfile.encoding=UTF-8 
java_command: GUI.ProduitDisplay
java_class_path (initial): C:\Users\Dridi\Documents\AllForDeal\hamcrest-core-1.3.jar;C:\Users\Dridi\Documents\AllForDeal\jcommon-1.0.23.jar;C:\Users\Dridi\Documents\AllForDeal\jfreechart-1.0.19.jar;C:\Users\Dridi\Documents\AllForDeal\orsonpdf-1.6-eval.jar;C:\Users\Dridi\Documents\AllForDeal\swtgraphics2d.jar;C:\Users\Dridi\Downloads\rs2xml.jar;C:\Program Files\NetBeans 8.0\ide\modules\ext\mysql-connector-java-5.1.23-bin.jar;C:\Users\Dridi\Documents\AllForDeal\build\classes
Launcher Type: SUN_STANDARD

Environment Variables:
PATH=C:\oraclexe\app\oracle\product\11.2.0\server\bin;;C:\oraclexe\app\oracle\product\10.2.0\server\bin;C:\ProgramData\Oracle\Java\javapath;C:\Program Files\Broadcom\Broadcom 802.11 Network Adapter;;C:\Windows\system32;C:\Windows;C:\Windows\System32\Wbem;C:\Windows\System32\WindowsPowerShell\v1.0\;C:\Program Files\WIDCOMM\Bluetooth Software\;C:\Program Files\WIDCOMM\Bluetooth Software\syswow64;C:\Program Files (x86)\Windows Kits\8.1\Windows Performance Toolkit\;C:\Program Files\Microsoft SQL Server\110\Tools\Binn\;C:\Program Files (x86)\Microsoft SDKs\TypeScript\1.0\;C:\Program Files (x86)\Skype\Phone\;C:\wamp\bin\php\php5.4.16;C:\Program Files\wkhtmltopdf\bin
USERNAME=Dridi
OS=Windows_NT
PROCESSOR_IDENTIFIER=Intel64 Family 6 Model 61 Stepping 4, GenuineIntel



---------------  S Y S T E M  ---------------

OS: Windows 8.1 , 64 bit Build 9600 (6.3.9600.17415)

CPU:total 4 (2 cores per cpu, 2 threads per core) family 6 model 61 stepping 4, cmov, cx8, fxsr, mmx, sse, sse2, sse3, ssse3, sse4.1, sse4.2, popcnt, avx, avx2, aes, clmul, erms, 3dnowpref, lzcnt, ht, tsc, tscinvbit, bmi1, bmi2, adx

Memory: 4k page, physical 8286004k(2459796k free), swap 8286004k(65108k free)

vm_info: Java HotSpot(TM) 64-Bit Server VM (25.51-b03) for windows-amd64 JRE (1.8.0_51-b16), built on Jun  8 2015 18:03:07 by "java_re" with MS VC++ 10.0 (VS2010)

time: Wed Mar 09 14:56:52 2016
elapsed time: 34870 seconds (0d 9h 41m 10s)

